{"C:\\Users\\w3dev\\Desktop\\puppeteer-githubActions\\src\\arbSearch.js": {"path":"C:\\Users\\w3dev\\Desktop\\puppeteer-githubActions\\src\\arbSearch.js","statementMap":{"0":{"start":{"line":3,"column":18},"end":{"line":3,"column":38}},"1":{"start":{"line":7,"column":21},"end":{"line":65,"column":1}},"2":{"start":{"line":9,"column":20},"end":{"line":9,"column":115}},"3":{"start":{"line":11,"column":17},"end":{"line":11,"column":40}},"4":{"start":{"line":13,"column":5},"end":{"line":13,"column":55}},"5":{"start":{"line":15,"column":4},"end":{"line":15,"column":72}},"6":{"start":{"line":17,"column":5},"end":{"line":17,"column":42}},"7":{"start":{"line":21,"column":22},"end":{"line":21,"column":32}},"8":{"start":{"line":23,"column":4},"end":{"line":23,"column":96}},"9":{"start":{"line":24,"column":4},"end":{"line":24,"column":90}},"10":{"start":{"line":26,"column":4},"end":{"line":26,"column":64}},"11":{"start":{"line":28,"column":20},"end":{"line":28,"column":30}},"12":{"start":{"line":30,"column":25},"end":{"line":30,"column":44}},"13":{"start":{"line":31,"column":5},"end":{"line":31,"column":73}},"14":{"start":{"line":33,"column":6},"end":{"line":33,"column":56}},"15":{"start":{"line":37,"column":18},"end":{"line":37,"column":41}},"16":{"start":{"line":38,"column":5},"end":{"line":38,"column":60}},"17":{"start":{"line":40,"column":4},"end":{"line":40,"column":78}},"18":{"start":{"line":42,"column":6},"end":{"line":42,"column":43}},"19":{"start":{"line":46,"column":23},"end":{"line":46,"column":33}},"20":{"start":{"line":48,"column":4},"end":{"line":48,"column":80}},"21":{"start":{"line":49,"column":4},"end":{"line":49,"column":88}},"22":{"start":{"line":51,"column":4},"end":{"line":51,"column":235}},"23":{"start":{"line":53,"column":21},"end":{"line":53,"column":31}},"24":{"start":{"line":55,"column":26},"end":{"line":55,"column":47}},"25":{"start":{"line":56,"column":5},"end":{"line":56,"column":74}},"26":{"start":{"line":60,"column":24},"end":{"line":60,"column":181}},"27":{"start":{"line":61,"column":4},"end":{"line":61,"column":46}},"28":{"start":{"line":64,"column":4},"end":{"line":64,"column":25}},"29":{"start":{"line":67,"column":1},"end":{"line":67,"column":28}}},"fnMap":{"0":{"name":"(anonymous_0)","decl":{"start":{"line":7,"column":21},"end":{"line":7,"column":22}},"loc":{"start":{"line":7,"column":33},"end":{"line":65,"column":1}},"line":7}},"branchMap":{},"s":{"0":1,"1":1,"2":2,"3":0,"4":0,"5":0,"6":0,"7":0,"8":0,"9":0,"10":0,"11":0,"12":0,"13":0,"14":0,"15":0,"16":0,"17":0,"18":0,"19":0,"20":0,"21":0,"22":0,"23":0,"24":0,"25":0,"26":0,"27":0,"28":0,"29":1},"f":{"0":2},"b":{},"_coverageSchema":"1a1c01bbd47fc00a2c39e90264f33305004495a9","hash":"9bf2053bb8ee229e811e031e625352d1e279b026"}
}
