{"C:\\Users\\w3dev\\Desktop\\puppeteer-githubActions\\src\\index.js": {"path":"C:\\Users\\w3dev\\Desktop\\puppeteer-githubActions\\src\\index.js","statementMap":{"0":{"start":{"line":1,"column":18},"end":{"line":1,"column":38}},"1":{"start":{"line":5,"column":18},"end":{"line":5,"column":60}},"2":{"start":{"line":6,"column":15},"end":{"line":6,"column":38}},"3":{"start":{"line":8,"column":2},"end":{"line":8,"column":52}},"4":{"start":{"line":11,"column":20},"end":{"line":11,"column":30}},"5":{"start":{"line":12,"column":2},"end":{"line":12,"column":88}},"6":{"start":{"line":13,"column":4},"end":{"line":13,"column":63}},"7":{"start":{"line":14,"column":18},"end":{"line":14,"column":28}},"8":{"start":{"line":15,"column":23},"end":{"line":15,"column":51}},"9":{"start":{"line":17,"column":2},"end":{"line":17,"column":24}},"10":{"start":{"line":19,"column":2},"end":{"line":19,"column":22}},"11":{"start":{"line":22,"column":0},"end":{"line":22,"column":28}}},"fnMap":{"0":{"name":"searchTime","decl":{"start":{"line":4,"column":15},"end":{"line":4,"column":25}},"loc":{"start":{"line":4,"column":49},"end":{"line":20,"column":1}},"line":4}},"branchMap":{},"s":{"0":1,"1":2,"2":2,"3":2,"4":2,"5":2,"6":2,"7":0,"8":0,"9":0,"10":0,"11":1},"f":{"0":2},"b":{},"_coverageSchema":"1a1c01bbd47fc00a2c39e90264f33305004495a9","hash":"1d474fdb99fda2152aa0b198ce7c6181391f7140"}
}
