TN:
SF:src\arbSearch.js
FN:6,(anonymous_0)
FNF:1
FNH:1
FNDA:2,(anonymous_0)
DA:3,1
DA:4,1
DA:6,1
DA:8,2
DA:10,2
DA:12,2
DA:14,2
DA:16,2
DA:20,2
DA:22,2
DA:23,2
DA:25,2
DA:27,2
DA:29,2
DA:30,2
DA:32,2
DA:36,2
DA:37,2
DA:39,2
DA:41,2
DA:45,2
DA:47,2
DA:48,2
DA:50,2
DA:52,2
DA:54,2
DA:55,2
DA:57,2
DA:59,2
DA:60,2
DA:63,2
DA:66,1
LF:32
LH:32
BRF:0
BRH:0
end_of_record
TN:
SF:utils\sleep.js
FN:1,sleep
FN:2,(anonymous_1)
FNF:2
FNH:0
FNDA:0,sleep
FNDA:0,(anonymous_1)
DA:1,1
DA:2,0
DA:3,0
LF:3
LH:1
BRF:0
BRH:0
end_of_record
