TN:
SF:src\arbScript.js
FN:4,searchTime
FNF:1
FNH:1
FNDA:2,searchTime
DA:2,1
DA:5,2
DA:6,2
DA:8,2
DA:9,2
DA:10,2
DA:13,2
DA:14,1
DA:15,1
DA:16,1
DA:17,1
DA:18,1
DA:19,1
DA:20,1
DA:21,1
DA:22,1
DA:23,1
DA:24,1
DA:25,1
DA:26,1
DA:28,0
DA:32,2
DA:33,2
DA:36,2
DA:40,1
LF:25
LH:24
BRDA:13,0,0,1
BRDA:13,0,1,1
BRDA:20,1,0,1
BRDA:20,1,1,0
BRF:4
BRH:3
end_of_record
TN:
SF:utils\captureLogs.js
FN:8,captureConsoleLogs
FN:27,(anonymous_1)
FN:36,(anonymous_2)
FN:42,(anonymous_3)
FNF:4
FNH:3
FNDA:1,captureConsoleLogs
FNDA:4,(anonymous_1)
FNDA:1,(anonymous_2)
FNDA:0,(anonymous_3)
DA:2,1
DA:3,1
DA:4,1
DA:9,1
DA:11,1
DA:12,1
DA:15,1
DA:16,0
DA:19,1
DA:20,1
DA:23,1
DA:24,1
DA:27,1
DA:29,4
DA:30,4
DA:31,4
DA:32,4
DA:35,1
DA:37,1
DA:40,1
DA:42,0
DA:48,1
LF:22
LH:20
BRDA:8,0,0,0
BRDA:15,1,0,0
BRDA:15,1,1,1
BRDA:23,2,0,1
BRDA:23,2,1,0
BRF:5
BRH:2
end_of_record
TN:
SF:utils\convertHtml.js
FN:4,convertHtml
FN:10,(anonymous_1)
FN:123,(anonymous_2)
FN:133,escapeHtml
FNF:4
FNH:1
FNDA:1,convertHtml
FNDA:0,(anonymous_1)
FNDA:0,(anonymous_2)
FNDA:0,escapeHtml
DA:1,1
DA:2,1
DA:6,1
DA:7,1
DA:10,1
DA:11,0
DA:12,0
DA:13,0
DA:18,0
DA:123,0
DA:124,0
DA:125,0
DA:126,0
DA:134,0
DA:142,1
LF:15
LH:6
BRDA:11,0,0,0
BRDA:11,0,1,0
BRDA:124,1,0,0
BRDA:124,1,1,0
BRF:4
BRH:0
end_of_record
